c:\users\yazan\documents\github\opengl-arcade\space defender\space defender\x64\release\vc141.pdb
c:\users\yazan\documents\github\opengl-arcade\space defender\space defender\x64\release\spaceshiptwo.obj
c:\users\yazan\documents\github\opengl-arcade\space defender\space defender\x64\release\spaceshipthree.obj
c:\users\yazan\documents\github\opengl-arcade\space defender\space defender\x64\release\spaceship.obj
c:\users\yazan\documents\github\opengl-arcade\space defender\space defender\x64\release\ship.obj
c:\users\yazan\documents\github\opengl-arcade\space defender\space defender\x64\release\savestate.obj
c:\users\yazan\documents\github\opengl-arcade\space defender\space defender\x64\release\projectile.obj
c:\users\yazan\documents\github\opengl-arcade\space defender\space defender\x64\release\enemy.obj
c:\users\yazan\documents\github\opengl-arcade\space defender\space defender\x64\release\csettings.obj
c:\users\yazan\documents\github\opengl-arcade\space defender\space defender\x64\release\crecords.obj
c:\users\yazan\documents\github\opengl-arcade\space defender\space defender\x64\release\cmain.obj
c:\users\yazan\documents\github\opengl-arcade\space defender\space defender\x64\release\capp.obj
c:\users\yazan\documents\github\opengl-arcade\space defender\space defender\x64\release\cabout.obj
c:\users\yazan\documents\github\opengl-arcade\space defender\space defender\x64\release\customship.obj
c:\users\yazan\documents\github\opengl-arcade\space defender\space defender\x64\release\spaceshipfour.obj
c:\users\yazan\documents\github\opengl-arcade\space defender\x64\release\space defender.exe
c:\users\yazan\documents\github\opengl-arcade\space defender\x64\release\space defender.pdb
c:\users\yazan\documents\github\opengl-arcade\space defender\x64\release\space defender.ipdb
c:\users\yazan\documents\github\opengl-arcade\space defender\x64\release\space defender.iobj
c:\users\yazan\documents\github\opengl-arcade\space defender\space defender\x64\release\space defender.tlog\cl.command.1.tlog
c:\users\yazan\documents\github\opengl-arcade\space defender\space defender\x64\release\space defender.tlog\cl.read.1.tlog
c:\users\yazan\documents\github\opengl-arcade\space defender\space defender\x64\release\space defender.tlog\cl.write.1.tlog
c:\users\yazan\documents\github\opengl-arcade\space defender\space defender\x64\release\space defender.tlog\link.command.1.tlog
c:\users\yazan\documents\github\opengl-arcade\space defender\space defender\x64\release\space defender.tlog\link.read.1.tlog
c:\users\yazan\documents\github\opengl-arcade\space defender\space defender\x64\release\space defender.tlog\link.write.1.tlog
c:\users\yazan\documents\github\opengl-arcade\space defender\space defender\x64\release\space defender.tlog\space defender.write.1u.tlog
