  Ship.cpp
c:\program files (x86)\windows kits\10\include\10.0.14393.0\shared\minwindef.h(130): warning C4005: 'APIENTRY': macro redefinition
  c:\users\yazan\documents\code\opengl arcade\opengl arcade\include\glfw\glfw3.h(104): note: see previous definition of 'APIENTRY'
c:\users\yazan\documents\code\opengl arcade\opengl arcade\ship.cpp(17): warning C4305: '=': truncation from 'double' to 'float'
c:\users\yazan\documents\code\opengl arcade\opengl arcade\ship.cpp(23): warning C4305: '=': truncation from 'double' to 'float'
c:\users\yazan\documents\code\opengl arcade\opengl arcade\ship.cpp(24): warning C4305: '=': truncation from 'double' to 'float'
c:\users\yazan\documents\code\opengl arcade\opengl arcade\ship.cpp(25): warning C4305: '=': truncation from 'double' to 'float'
c:\users\yazan\documents\code\opengl arcade\opengl arcade\ship.cpp(64): warning C4305: 'argument': truncation from 'double' to 'GLfloat'
c:\users\yazan\documents\code\opengl arcade\opengl arcade\ship.cpp(67): warning C4244: 'argument': conversion from 'double' to 'GLfloat', possible loss of data
c:\users\yazan\documents\code\opengl arcade\opengl arcade\ship.cpp(72): warning C4305: 'argument': truncation from 'double' to 'GLfloat'
c:\users\yazan\documents\code\opengl arcade\opengl arcade\ship.cpp(75): warning C4244: 'argument': conversion from 'double' to 'GLfloat', possible loss of data
c:\users\yazan\documents\code\opengl arcade\opengl arcade\ship.cpp(76): warning C4244: 'argument': conversion from 'double' to 'GLfloat', possible loss of data
c:\users\yazan\documents\code\opengl arcade\opengl arcade\ship.cpp(77): warning C4244: 'argument': conversion from 'double' to 'GLfloat', possible loss of data
c:\users\yazan\documents\code\opengl arcade\opengl arcade\ship.cpp(78): warning C4244: 'argument': conversion from 'double' to 'GLfloat', possible loss of data
c:\users\yazan\documents\code\opengl arcade\opengl arcade\ship.cpp(79): warning C4244: 'argument': conversion from 'double' to 'GLfloat', possible loss of data
c:\users\yazan\documents\code\opengl arcade\opengl arcade\ship.cpp(82): warning C4305: '+=': truncation from 'double' to 'float'
c:\users\yazan\documents\code\opengl arcade\opengl arcade\ship.cpp(83): warning C4305: '+=': truncation from 'double' to 'float'
c:\users\yazan\documents\code\opengl arcade\opengl arcade\ship.cpp(99): warning C4244: 'argument': conversion from 'double' to 'GLfloat', possible loss of data
c:\users\yazan\documents\code\opengl arcade\opengl arcade\ship.cpp(100): warning C4244: 'argument': conversion from 'double' to 'GLfloat', possible loss of data
c:\users\yazan\documents\code\opengl arcade\opengl arcade\ship.cpp(101): warning C4244: 'argument': conversion from 'double' to 'GLfloat', possible loss of data
c:\users\yazan\documents\code\opengl arcade\opengl arcade\ship.cpp(108): warning C4305: '+=': truncation from 'double' to 'float'
c:\users\yazan\documents\code\opengl arcade\opengl arcade\ship.cpp(113): warning C4305: '-=': truncation from 'double' to 'float'
c:\users\yazan\documents\code\opengl arcade\opengl arcade\ship.cpp(118): warning C4305: '+=': truncation from 'double' to 'float'
c:\users\yazan\documents\code\opengl arcade\opengl arcade\ship.cpp(123): warning C4305: '-=': truncation from 'double' to 'float'
  Generating code
  2 of 400 functions ( 0.5%) were compiled, the rest were copied from previous compilation.
    0 functions were new in current compilation
    2 functions had inline decision re-evaluated but remain unchanged
  Finished generating code
  OpenGL Arcade.vcxproj -> C:\Users\Yazan\Documents\Code\OpenGL Arcade\x64\Release\OpenGL Arcade.exe
