  SpaceShip.cpp
c:\program files (x86)\windows kits\8.1\include\shared\minwindef.h(130): warning C4005: 'APIENTRY': macro redefinition
  c:\users\yazan\documents\code\project1\project1\include\glfw\glfw3.h(104): note: see previous definition of 'APIENTRY'
c:\users\yazan\documents\code\project1\project1\spaceship.cpp(12): warning C4305: 'initializing': truncation from 'double' to 'float'
c:\users\yazan\documents\code\project1\project1\spaceship.cpp(25): warning C4305: 'initializing': truncation from 'double' to 'float'
c:\users\yazan\documents\code\project1\project1\spaceship.cpp(33): warning C4305: 'argument': truncation from 'double' to 'GLfloat'
c:\users\yazan\documents\code\project1\project1\spaceship.cpp(36): warning C4244: 'argument': conversion from 'double' to 'GLfloat', possible loss of data
c:\users\yazan\documents\code\project1\project1\spaceship.cpp(37): warning C4244: 'argument': conversion from 'double' to 'GLfloat', possible loss of data
c:\users\yazan\documents\code\project1\project1\spaceship.cpp(38): warning C4244: 'argument': conversion from 'double' to 'GLfloat', possible loss of data
c:\users\yazan\documents\code\project1\project1\spaceship.cpp(45): warning C4305: 'argument': truncation from 'double' to 'GLfloat'
c:\users\yazan\documents\code\project1\project1\spaceship.cpp(48): warning C4244: 'argument': conversion from 'double' to 'GLfloat', possible loss of data
c:\users\yazan\documents\code\project1\project1\spaceship.cpp(49): warning C4244: 'argument': conversion from 'double' to 'GLfloat', possible loss of data
c:\users\yazan\documents\code\project1\project1\spaceship.cpp(50): warning C4244: 'argument': conversion from 'double' to 'GLfloat', possible loss of data
c:\users\yazan\documents\code\project1\project1\spaceship.cpp(57): warning C4305: 'argument': truncation from 'double' to 'GLfloat'
c:\users\yazan\documents\code\project1\project1\spaceship.cpp(60): warning C4244: 'argument': conversion from 'double' to 'GLfloat', possible loss of data
c:\users\yazan\documents\code\project1\project1\spaceship.cpp(61): warning C4244: 'argument': conversion from 'double' to 'GLfloat', possible loss of data
c:\users\yazan\documents\code\project1\project1\spaceship.cpp(62): warning C4244: 'argument': conversion from 'double' to 'GLfloat', possible loss of data
c:\users\yazan\documents\code\project1\project1\spaceship.cpp(74): warning C4305: 'argument': truncation from 'double' to 'GLfloat'
c:\users\yazan\documents\code\project1\project1\spaceship.cpp(77): warning C4244: 'argument': conversion from 'double' to 'GLfloat', possible loss of data
c:\users\yazan\documents\code\project1\project1\spaceship.cpp(78): warning C4244: 'argument': conversion from 'double' to 'GLfloat', possible loss of data
c:\users\yazan\documents\code\project1\project1\spaceship.cpp(79): warning C4244: 'argument': conversion from 'double' to 'GLfloat', possible loss of data
c:\users\yazan\documents\code\project1\project1\spaceship.cpp(95): warning C4305: '+=': truncation from 'double' to 'float'
c:\users\yazan\documents\code\project1\project1\spaceship.cpp(100): warning C4305: '-=': truncation from 'double' to 'float'
c:\users\yazan\documents\code\project1\project1\spaceship.cpp(105): warning C4305: '+=': truncation from 'double' to 'float'
c:\users\yazan\documents\code\project1\project1\spaceship.cpp(110): warning C4305: '-=': truncation from 'double' to 'float'
c:\users\yazan\documents\code\project1\project1\spaceship.cpp(127): warning C4244: 'argument': conversion from 'double' to 'GLfloat', possible loss of data
c:\users\yazan\documents\code\project1\project1\spaceship.cpp(129): warning C4305: '+=': truncation from 'double' to 'float'
c:\users\yazan\documents\code\project1\project1\spaceship.cpp(138): warning C4305: '+=': truncation from 'double' to 'float'
c:\users\yazan\documents\code\project1\project1\spaceship.cpp(145): warning C4305: '+=': truncation from 'double' to 'float'
c:\users\yazan\documents\code\project1\project1\spaceship.cpp(152): warning C4305: '+=': truncation from 'double' to 'float'
c:\users\yazan\documents\code\project1\project1\spaceship.cpp(210): warning C4551: function call missing argument list
  Project1.vcxproj -> C:\Users\Yazan\Documents\Code\Project1\x64\Debug\Project1.exe
